2025-09-08 06:26:57.655 [info] [main] Log level: Info
2025-09-08 06:26:57.655 [info] [main] Validating found git in: "git"
2025-09-08 06:26:57.655 [info] [main] Using git "2.51.0" from "git"
2025-09-08 06:26:57.655 [info] [Model][doInitialScan] Initial repository scan started
2025-09-08 06:26:57.655 [info] > git rev-parse --show-toplevel [6ms]
2025-09-08 06:26:57.655 [info] fatal: not a git repository (or any parent up to mount point /)
Stopping at filesystem boundary (GIT_DISCOVERY_ACROSS_FILESYSTEM not set).
2025-09-08 06:26:57.655 [info] > git rev-parse --show-toplevel [1ms]
2025-09-08 06:26:57.655 [info] fatal: not a git repository (or any parent up to mount point /)
Stopping at filesystem boundary (GIT_DISCOVERY_ACROSS_FILESYSTEM not set).
2025-09-08 06:26:57.655 [info] > git rev-parse --show-toplevel [2ms]
2025-09-08 06:26:57.655 [info] fatal: not a git repository (or any parent up to mount point /)
Stopping at filesystem boundary (GIT_DISCOVERY_ACROSS_FILESYSTEM not set).
2025-09-08 06:26:57.655 [info] > git rev-parse --show-toplevel [2ms]
2025-09-08 06:26:57.655 [info] fatal: not a git repository (or any parent up to mount point /)
Stopping at filesystem boundary (GIT_DISCOVERY_ACROSS_FILESYSTEM not set).
2025-09-08 06:26:57.655 [info] [Model][doInitialScan] Initial repository scan completed - repositories (0), closed repositories (0), parent repositories (0), unsafe repositories (0)
2025-09-08 06:26:57.655 [info] > git rev-parse --show-toplevel [1ms]
2025-09-08 06:26:57.655 [info] fatal: not a git repository (or any parent up to mount point /)
Stopping at filesystem boundary (GIT_DISCOVERY_ACROSS_FILESYSTEM not set).
2025-09-08 06:26:59.311 [info] > git rev-parse --show-toplevel [1ms]
2025-09-08 06:26:59.311 [info] fatal: not a git repository (or any parent up to mount point /)
Stopping at filesystem boundary (GIT_DISCOVERY_ACROSS_FILESYSTEM not set).
2025-09-08 06:32:53.757 [info] > git rev-parse --show-toplevel [2ms]
2025-09-08 06:32:53.757 [info] fatal: not a git repository (or any parent up to mount point /)
Stopping at filesystem boundary (GIT_DISCOVERY_ACROSS_FILESYSTEM not set).
2025-09-08 06:35:06.176 [info] > git rev-parse --show-toplevel [3ms]
2025-09-08 06:35:06.177 [info] fatal: not a git repository (or any parent up to mount point /)
Stopping at filesystem boundary (GIT_DISCOVERY_ACROSS_FILESYSTEM not set).
2025-09-08 06:35:10.641 [info] > git rev-parse --show-toplevel [2ms]
2025-09-08 06:35:10.641 [info] fatal: not a git repository (or any parent up to mount point /)
Stopping at filesystem boundary (GIT_DISCOVERY_ACROSS_FILESYSTEM not set).
2025-09-08 06:35:20.879 [info] > git rev-parse --show-toplevel [3ms]
2025-09-08 06:35:20.879 [info] fatal: not a git repository (or any parent up to mount point /)
Stopping at filesystem boundary (GIT_DISCOVERY_ACROSS_FILESYSTEM not set).
2025-09-08 06:40:04.065 [info] > git rev-parse --show-toplevel [1ms]
2025-09-08 06:40:04.065 [info] fatal: not a git repository (or any parent up to mount point /)
Stopping at filesystem boundary (GIT_DISCOVERY_ACROSS_FILESYSTEM not set).
2025-09-08 06:40:05.926 [info] > git rev-parse --show-toplevel [2ms]
2025-09-08 06:40:05.926 [info] fatal: not a git repository (or any parent up to mount point /)
Stopping at filesystem boundary (GIT_DISCOVERY_ACROSS_FILESYSTEM not set).
2025-09-08 06:40:06.602 [info] > git rev-parse --show-toplevel [1ms]
2025-09-08 06:40:06.602 [info] fatal: not a git repository (or any parent up to mount point /)
Stopping at filesystem boundary (GIT_DISCOVERY_ACROSS_FILESYSTEM not set).
2025-09-08 06:43:41.165 [info] > git rev-parse --show-toplevel [1ms]
2025-09-08 06:43:41.166 [info] fatal: not a git repository (or any parent up to mount point /)
Stopping at filesystem boundary (GIT_DISCOVERY_ACROSS_FILESYSTEM not set).
2025-09-08 06:44:15.340 [info] > git rev-parse --show-toplevel [2ms]
2025-09-08 06:44:15.340 [info] fatal: not a git repository (or any parent up to mount point /)
Stopping at filesystem boundary (GIT_DISCOVERY_ACROSS_FILESYSTEM not set).
